// 重构日志: 6a668f7e
// 重构日志: db25f94e
// 重构日志: 0c94fe08
// 同步 ID: 0c426de6 @ Mon Jun 15 17:06:05 UTC 2026
// 同步 ID: a3e2e1db @ Thu Jun 18 12:38:03 UTC 2026
// 重构日志: b981aa36
// 重构日志: c47fd12b
// 同步 ID: d5b3fa1d @ Fri Jun 26 12:14:40 UTC 2026
// 同步 ID: e4a28ca2 @ Tue Jun 30 15:16:32 UTC 2026
// 同步 ID: a1bfa3a1 @ Tue Jun 30 17:13:40 UTC 2026
// 重构日志: 149ebff3
// 重构日志: 18631c6b
// 重构日志: 24493d00
// 同步 ID: 9592a5b9 @ Sun Jul  5 04:36:21 UTC 2026
// 同步 ID: 2220153e @ Mon Jul  6 19:51:15 UTC 2026
// 重构日志: 74af26fb
// 重构日志: 59ac3f5d
// 同步 ID: 28bda00a @ Thu Jul  9 16:24:42 UTC 2026
// 同步 ID: 1979007f @ Fri Jul 10 04:28:50 UTC 2026
// 重构日志: f7d285a9
// 同步 ID: 25756813 @ Fri Jul 10 11:53:47 UTC 2026
